1577464877348:add-book
1577464960504:1
1577464965976:y
1577464971514:2
1577464982091:New Book
1577464983948:1
1577464985119:2
1577464991840:get-books
1577465003355:exit
1577611467893:get-book
1577611475638:get-books
1577611479269:exit
1577618965978:add-book
1577619010621:1
1577619019965:Y
1577619022042:2
1577619024381:Y
1577619025635:3
1577619048636:New Book
1577619050493:1
1577619051555:2
1577619076018:stacktrace
1577619716580:add-book
1577619719637:1
1577619722159:y
1577619723675:2
1577619725135:y
1577619726661:3
1577619732804:New Book
1577619737332:123456789
1577619740202:2019
1577619747547:stacktrace
1577619799869:add-book
1577619801427:1
1577620216279:add-book
1577620223613:1
1577620225692:Y
1577620226933:2
1577620234884:New Book
1577620240218:123456789
1577620243333:2019
1577620248678:get-books
1577621873006:add-book
1577621880373:q
1577621891544:1
1577621892922:2
1577622425748:add-book
1577622433773:q
1577622477019:add-book
1577622482342:Q
1577622667744:add-book
1577622695742:1,2,3,4,5,6
1577622699642:1
1577622702381:Y
1577622703557:2
1577622705260:Y
1577622707032:3
1577622708975:Y
1577622711656:4
1577622714244:Y
1577622716342:5
1577622734619:31
1577622737058:Y
1577622739305:32
1577622740744:Y
1577622743589:33
1577622745650:Y
1577622747794:34
1577622755181:New Book
1577622759155:123456789
1577622762009:2019
1577622767062:get-books
1577623096841:help
1577623105613:get-authors
1577623331363:get-autors
1577623339134:get-authors
1577624597820:add-book
1577624603596:Q
1577624654445:add-book
1577624657406:Q
1577624788754:add-book
1577624791445:Q
1577624798712:add-book
1577624808517:1
1577624812202:Y
1577624814172:2
1577624823283:31
1577624824960:Y
1577624827979:32
1577624833744:New Book
1577624838763:123456789
1577624841059:2019
1577624848584:get-books
1577626049267:edit-book
1577626054844:q
1577626188281:edit-book
1577626194075:q
1577626216128:edit-book
1577626217551:Q
1577626284394:edit-book
1577626295971:q
1577626301074:edit-book
1577626313488:22
1577626324731:27
1577626338498:stacktrace
1577626366962:edit-book
1577626371997:22
1577626377486:26
1577626382004:n
1577626389640:56
1577626392928:n
1577626582966:add-book
1577626595612:1
1577626598670:y
1577626601387:2
1577626614005:31
1577626625950:New Book
1577626627339:1
1577626629046:2019
1577626636297:edit-book
1577626644469:24
1577626650638:23
1577626661137:34
1577626677295:Brand New Book
1577626689632:get-gook
1577626695534:get-book
1577626700650:get-books
1577626760016:edit-book
1577626771265:24
1577626781742:23
1577626784852:y
1577626786694:25
1577626788652:y
1577626791258:26
1577626799436:31
1577626803176:y
1577626804500:32
1577626806226:y
1577626809734:33
1577626811000:y
1577626812615:34
1577626814558:y
1577626816325:35
1577626830075:Brand New Book (edited)
1577626846985:get-books
1577627038810:edit-book
1577627116830:24
1577627124649:25
1577627126260:y
1577627128354:26
1577627139576:55
1577627141479:y
1577627143951:56
1577627155992:get-book
1577627163418:get-books
1577660102631:edit-book
1577660155034:24
1577660174564:23
1577660179115:y
1577660181500:26
1577660189489:50
1577660190616:y
1577660193408:51
1577660210001:123456789
1577660212952:2018
1577660224262:get-books
1577662198084:delete-book
1577662245523:y
1577662321963:24
1577662831246:delete-genre
1577662837843:delete-book
1577662840632:y
1577662847321:24
1577662858772:get-books
1577663999993:help
1577664026576:show-books
1577664032392:add-book
1577664045057:23
1577664046481:y
1577664047819:24
1577664056120:31
1577664057791:y
1577664060088:33
1577664073894:New Book (just added)
1577664076557:1
1577664079264:2019
1577664083408:show-books
1577664173903:help
1577667459950:show-books
1577667477264:edit-book
1577667490472:25
1577667502019:20
1577667503754:y
1577667505513:21
1577667522907:stacktrace
1577667578372:edit-book
1577667585767:25
1577667592082:20
1577667594091:y
1577667595410:21
1577667641759:edit-book
1577667648084:25
1577667671197:20
1577667697037:edit-book
1577667701745:25
1577667728393:20
1577667808554:edit-book
1577667827635:25
1577667859429:n
1577667875704:45
1577667878762:y
1577667881462:46
1577667895879:New Book (edited)
1577667907731:12345678910
1577667911453:2018
1577667916695:show-books
1577668218590:edit-book
1577668232175:25
1577668242185:20
1577668247310:y
1577668248951:21
1577668260734:38
1577668262185:y
1577668263845:39
1577668281345:show-books
