1579939465143:exit
1580029534725:show-books
1580029552706:show-book-details
1580029782276:22
1580035023605:show-books
1580035046332:stacktrace
1580035243961:show-books
1580036405126:show-book-details
1580036408562:22
1580036411575:1
1580036439173:show-authors
1580036564323:show-genres
1580036920949:show-book-details
1580036976220:22
1580037080867:show-book-details
1580037084160:22
1580048076942:add-book
1580048216516:25
1580048221302:y
1580048223779:24
1580048228988:56
1580048231477:y
1580048232827:55
1580048248370:Modern Book
1580048253039:12345678910
1580048255583:2020
1580048267607:stacktrace
1580048365931:add-book
1580048371138:25
1580048375463:55
1580048381294:1
1580048382786:2
1580048384125:3
1580048432008:add-book
1580048435725:25
1580048440781:56
1580048446568:e
1580048448244:2
1580048477813:2020
1580048552551:add-book
1580048562640:25
1580048568910:56
1580048572633:2
1580048595570:2020
1580048778991:add-book
1580048783739:24
1580048788402:55
1580048794435:Modern Book
1580048798652:12345678910
1580048800496:2020
1580048803816:show-books
1580059523554:add-book
1580059528193:24
1580059533083:55
1580059539622:Modern Book
1580059548400:12345678910
1580059550754:2020
1580059675235:add-book
1580059679940:24
1580059682582:y
1580059683909:25
1580059690443:55
1580059693144:y
1580059694897:56
1580059701751:Modern Book
1580059706156:123456789
1580059708415:2020
1580059722262:stacktrace
1580059802776:add-book
1580059807821:25
1580059810559:24
1580059812802:y
1580059816911:55
1580059819110:y
1580059822348:56
1580059830327:Modern Book
1580059835584:123456789
1580059837501:2020
1580059841608:show-books
1580059903642:edit-book
1580059917957:5e2dccbd390a2a0b9abfb849
1580060571541:add-book
1580060579258:q
1580060587466:edit-book
1580060600501:q
1580060683561:edit-book
1580060690678:22
1580060697748:24
1580060699081:y
1580060701336:25
1580060702524:y
1580060704564:23
1580060714528:50
1580060716910:y
1580060719439:49
1580060722865:y
1580060724926:55
1580060726932:y
1580060729057:56
1580060797398:edit
1580060801845:edit-book
1580060811882:22
1580060823186:20
1580060824768:y
1580060826029:21
1580060828661:y
1580060833903:22
1580060835311:y
1580060836708:23
1580060854784:56
1580060863471:show-books
1580060878456:add-author
1580060885968:Modern Author
1580060892303:show-authors
1580061045582:add-author
1580061053387:Modern Author
1580061058761:show-authors
1580061095087:add-genre
1580061562084:show-books
1580061613656:add-book-comment
1580061616477:22
1580061626977:Terrific!
1580061634541:show-book-details
1580061636590:22
1580062402813:show-books
1580062761069:show-book-details
1580062774660:22
1580062792378:add-book-comment
1580062794407:22
1580062808592:show-book-details
1580062810836:22
1580062821809:add-book-comment
1580062824139:22
1580062826845:dddd
1580062833227:show-book-details
1580062835696:22
1580062960137:add-book-comment
1580062961812:22
1580062968193:Terrific!
1580062976654:show-book-details
1580062978181:22
1580063439264:show-book-details
1580063441561:22
1580063451216:add-book-comment
1580063452714:22
1580063457310:Terrific!
1580063463209:show-book-details
1580063464363:22
1580063765766:add-book-review
1580063772910:add-book-details
1580063781091:add-book-comment
1580063782652:22
1580063787304:Terrific!
1580063792521:show-book-details
1580063794973:22
1580064082529:show-book-details
1580064084290:22
1580064103551:delete-book
1580064106291:y
1580064107885:22
1580064113028:show-books
1580064117765:add-author
1580064124796:Modern Author
1580064129777:show-authors
1580064135437:add-book
1580064142035:19
1580064143865:y
1580064145421:20
1580064155288:5e2ddd7dcbacaa46f39aad42
1580064353761:add-book
1580064361031:19
1580064362577:y
1580064363889:20
1580064373103:5e2ddd7dcbacaa46f39aad42
1580064383173:Modern Book
1580064390615:2012345000
1580064393856:2020
1580064397248:show-books
1580064411788:edit-book
1580064419465:5e2dde899f437b0640a3c91c
1580064426024:19
1580064427734:y
1580064428992:20
1580064431861:y
1580064439666:21
1580064451041:5e2ddd7dcbacaa46f39aad42
1580064456393:y
1580064458883:55
1580064460215:y
1580064462111:56
1580064475697:Modern Book (edited)
1580064483216:show-books
1580064496067:show-book-details
1580064502250:5e2dde899f437b0640a3c91c
1580064631428:add-book
1580064638301:20
1580064647856:5e2ddd7dcbacaa46f39aad42
1580064659477:Yet Another Modern Book
1580064662050:1
1580064665495:2019
1580064669535:show-books
1580064696438:show-book-details
1580064701784:5e2ddf9997359170f6d03a37
1580065040422:show-book-details
1580065047833:5e2dde899f437b0640a3c91c
1580065057414:add-book-comment
1580065059896:5e2dde899f437b0640a3c91c
1580065070980:Suck!
1580149398660:show-book
1580149402607:show-books
1580149408885:add-book
1580149415265:20
1580149417011:y
1580149419552:21
1580149425161:56
1580149431380:Modern Book
1580149435947:123456789
1580149439046:2020
1580149445198:show-book-details
1580149450857:5e2f2abff5da3a3b2842973f
1580149476760:add-book-comment
1580149479697:5e2f2abff5da3a3b2842973f
1580149486233:Booooring!
1580149491902:show-book-details
1580149494371:5e2f2abff5da3a3b2842973f
1580153962338:add-author
1580153969165:Modern Author
1580153975357:show-authors
1580153984966:edit-book
1580153989286:22
1580153999961:23
1580154007609:56
1580154008817:y
1580154012450:5e2f3c721c23bf5f5186cd81
1580154021960:show-books
1580154150141:delete-author
1580154152337:y
1580154155140:5e2f3c721c23bf5f5186cd81
1580154237967:show-books
1580154244206:show-authors
1580154252877:delete-author
1580154264604:y
1580154269250:5e2f3c721c23bf5f5186cd81
1580565640585:show-authors
1580565645064:add-author
1580565653106:ModernAuthor
1580565659495:show-authors
1580565668878:show-books
1580565676156:edit-book
1580565679716:22
1580565687978:20
1580565690740:Y
1580565693011:21
1580565701800:5e3584965a421f5969572e14
1580565713137:show-books
1580565720801:delete-author
1580565723127:y
1580565726085:5e3584965a421f5969572e14
1580565732001:show-books
