1578346119978:testing
1578346156761:Alex
1578346161104:1
1578346161778:2
1578346162422:3
1578346163042:4
1578346165088:1
1578346389768:testing
1578346415166:Alex
1578346418619:1
1578346419533:2
1578346420237:3
1578346420958:4
1578346421791:1
1578346441633:testing
1578346445525:1
1578346446313:2
1578346447569:3
1578346448686:4
1578346449460:1
1578346517485:testing
1578347210343:Alexey Khudyakov
1578347214468:3
1578347215505:2
1578347217363:3
1578347218235:2
1578347221352:1
1578347362817:testing
1578347370844:3
1578347372116:2
1578347373431:3
1578347375521:2
1578347377148:1
1578347382701:exit
