1579374341035:show-books
1579374351170:show-authors
1579374355243:show-genres
1579374361251:add-author
1579374378413:Yet another modern author
1579374386704:edit-book
1579374396264:24
1579374399683:20
1579374401857:25
1579374406034:60
1579374408209:y
1579374410583:62
1579374423247:show-books
1579374430000:show-book-details
1579374440264:24
1579374448836:add-book-comment
1579374451458:24
1579374457338:Boooooooring!
1579374463812:show-book-details
1579374466040:24
1579374478289:delete-author
1579374480196:y
1579374482975:62
1579374486684:show-books
1579374627670:show-book-details
1579374629781:24
1579374981447:show-books
1579374985457:add-book
1579374993185:20
1579374994219:21
1579374996020:25
1579374999905:60
1579375013276:Yet Another Modern Book
1579375018846:12345678
1579375021297:2020
1579375026197:show-books
1579375031032:edit-book
1579375039363:25
1579375049467:20
1579375051051:y
1579375052149:21
1579375055657:25
1579375059467:60
1579375061345:y
1579375063718:56
1579375072261:12345678910
1579375077121:show-books
1579375096956:show-book-details
1579375099141:25
1579375109955:add-book-cooment
1579375117554:add-book-comment
1579375121564:25
1579375133887:Terrible
1579375139776:show-book-details
1579375141813:24
1579375148926:show-book-detials
1579375157073:show-book-details
1579375160712:25
1579375695304:show-books
1579375703552:add-book
1579375710285:27
1579375725431:add-book
1579375738129:11
1579375740006:y
1579375741254:12
1579375743403:y
1579375744765:23
1579375754788:51
1579375757074:y
1579375759642:55
1579375761048:y
1579375763044:56
1579375771045:Modern Book
1579375776225:123456789
1579375777942:20202
1579375784774:show-books
1579375792230:add-book-comment
1579375794237:24
1579375799850:Boooring!
1579375805318:show-book-details
1579375809060:24
1579375817156:delete-author
1579375818650:y
1579375821030:51
1579375824301:show-books
