1589129333285:help
1589129343505:quit
1589138140710:exit
1589138965940:init
1589146857510:getOrder
1589146863507:help
1589146870111:get-order
1589146878598:1
1589146884637:exit
1589147341481:get-order
1589147344706:1
1589147379410:get-order
1589147380960:1
1589148718571:get-order
1589148719849:1
1589149236129:get-order
1589149237581:1
1589149286114:get-order
1589149287605:3
1589149499206:get-order
1589149501037:1
1589149591816:get-order
1589149593069:1
1589149735186:get-order
1589149736304:1
1589149879162:get-order
1589149880236:1
1589150867143:get-order
1589150869390:1
1589150926395:get-order
1589150927694:2
1589150940842:get-order
1589150949645:1
1589150956844:get-order
1589150960109:6
1589150975647:get-order
1589150977272:7
1589151081020:get-order
1589151082254:1
1589151311100:5
1589151316975:get-order
1589151318412:5
1589151612376:clear
1589151619889:help
1589151629133:clear
1589152837371:get-order
1589152840913:5
1589152881820:stacktrace
1589152978764:get=order
1589152982848:get-order
1589152985636:5
1589153667424:get-order
1589153669686:5
1589153733029:get-order
1589153734820:5
1589153786941:stacktrace
1589153817148:get-order
1589153840210:5
1589154254715:get-order
1589154256270:5
1589154323286:get-order
1589154325083:5
1589154336565:Y
1589154631742:get-orders
1589154638826:get-order
1589154640706:5
1589154653199:y
1589154659808:get-order
1589154662525:5
1589154665631:Y
1589154866978:get-order
1589154868363:5
1589154873885:Y
1589155240588:get-order
1589155241954:5
1589155244910:Y
1589155487750:get-order
1589155489169:5
1589155492223:Y
1589155599592:get-order
1589155601360:5
1589155604525:Y
1589156196641:get-order
1589156198875:5
1589156206010:Y
1589156234227:get-order
1589156236707:6
1589156245392:Y
1589156324733:get-order
1589156327965:7
1589156338612:Y
1589215494093:get-item
1589215500300:get-orders
1589215505459:get-order
1589215507723:5
1589215527433:Y
1589216493485:get-order
1589216496043:9
1589216506260:Y
1589219182834:get-order
1589219185831:10
1589219189928:Y
1589234589287:get-order
1589234592390:42
1589234600210:Y
1589234830627:get-order
1589234832602:41
1589234836531:Y
1589234867990:get-order
1589234870253:40
1589234872001:Y
1589234875674:get-order
1589234878288:39
1589234879563:Y
1589234883477:get-order
1589234885565:38
1589234886884:Y
1589234903265:get-order
1589234907040:37
1589234908163:Y
1589234913466:get-order
1589234915609:36
1589234917428:Y
1589234940394:get-order
1589234942321:36
1589234943523:Y
1589234952612:get-order
1589234954472:35
1589234956080:Y
1589234959302:get-order
1589234960608:34
1589234961780:Y
1589234966821:get-order
1589234968268:33
1589234969984:Y
1589234975089:get-order
1589234976286:33
1589234978284:Y
1589234981659:get-order
1589234982878:32
1589234984145:Y
1589234989074:get-order
1589234990597:31
1589234992384:y
1589235004308:get-order
1589235005694:31
1589235007048:Y
1589237812514:.
1589237818488:get-order
1589237827001:45
1589238059126:get-order
1589238066704:45
1589238071072:y
